<?xml version="1.0" encoding="UTF-8"?>
<testng-results ignored="0" total="1" passed="1" failed="0" skipped="0">
  <reporter-output>
  </reporter-output>
  <suite started-at="2025-02-07T21:29:45 IST" name="Surefire suite" finished-at="2025-02-07T21:29:48 IST" duration-ms="3532">
    <groups>
    </groups>
    <test started-at="2025-02-07T21:29:45 IST" name="Surefire test" finished-at="2025-02-07T21:29:48 IST" duration-ms="3532">
      <class name="tests.SampleTest">
        <test-method is-config="true" signature="setup(java.lang.String)[pri:0, instance:tests.SampleTest@428640fa]" started-at="2025-02-07T21:29:45 IST" name="setup" finished-at="2025-02-07T21:29:46 IST" duration-ms="1216" status="PASS">
          <params>
            <param index="0">
              <value>
                <![CDATA[chrome]]>
              </value>
            </param>
          </params>
          <reporter-output>
          </reporter-output>
        </test-method> <!-- setup -->
        <test-method signature="testGoogleHomePage()[pri:0, instance:tests.SampleTest@428640fa]" started-at="2025-02-07T21:29:46 IST" name="testGoogleHomePage" finished-at="2025-02-07T21:29:48 IST" duration-ms="2155" status="PASS">
          <reporter-output>
          </reporter-output>
        </test-method> <!-- testGoogleHomePage -->
        <test-method is-config="true" signature="tearDown()[pri:0, instance:tests.SampleTest@428640fa]" started-at="2025-02-07T21:29:48 IST" name="tearDown" finished-at="2025-02-07T21:29:48 IST" duration-ms="65" status="PASS">
          <reporter-output>
          </reporter-output>
        </test-method> <!-- tearDown -->
      </class> <!-- tests.SampleTest -->
    </test> <!-- Surefire test -->
  </suite> <!-- Surefire suite -->
</testng-results>
